<?xml version="1.0" encoding="UTF-8"?>
<testng-results skipped="0" failed="0" total="1" passed="1">
  <reporter-output>
  </reporter-output>
  <suite name="Suite" duration-ms="9155" started-at="2019-03-14T00:52:25Z" finished-at="2019-03-14T00:52:34Z">
    <groups>
    </groups>
    <test name="Test" duration-ms="9155" started-at="2019-03-14T00:52:25Z" finished-at="2019-03-14T00:52:34Z">
      <class name="hello.Baiduhello">
        <test-method status="PASS" signature="OpenFireFox()[pri:0, instance:hello.Baiduhello@17ed40e0]" name="OpenFireFox" duration-ms="9137" started-at="2019-03-14T08:52:25Z" finished-at="2019-03-14T08:52:34Z">
          <reporter-output>
          </reporter-output>
        </test-method> <!-- OpenFireFox -->
      </class> <!-- hello.Baiduhello -->
    </test> <!-- Test -->
  </suite> <!-- Suite -->
</testng-results>
